<?xml version="1.0" encoding="UTF-8"?>
<!-- Generated by org.testng.reporters.JUnitReportReporter -->
<testsuite skipped="0" hostname="Mustafas-MacBook-Air.local" name="com.neotech.lesson01.Hm" tests="1" failures="0" timestamp="2022-05-28T21:58:25 EDT" time="7.581" errors="0">
  <testcase name="login" time="7.581" classname="com.neotech.lesson01.Hm"/>
  <system-out/>
</testsuite> <!-- com.neotech.lesson01.Hm -->
