<?xml version="1.0" encoding="UTF-8"?>
<!-- Generated by org.testng.reporters.JUnitReportReporter -->
<testsuite skipped="0" hostname="Mustafas-MacBook-Air.local" name="com.neotech.lesson01.TestNgAnnotations" tests="3" failures="0" timestamp="2022-05-28T12:37:49 EDT" time="0.012" errors="0">
  <testcase name="test3" time="0.003" classname="com.neotech.lesson01.TestNgAnnotations"/>
  <system-out/>
  <testcase name="test1" time="0.007" classname="com.neotech.lesson01.TestNgAnnotations"/>
  <system-out/>
  <testcase name="test2" time="0.002" classname="com.neotech.lesson01.TestNgAnnotations"/>
  <system-out/>
</testsuite> <!-- com.neotech.lesson01.TestNgAnnotations -->
