<?xml version="1.0" encoding="UTF-8"?>
<!-- Generated by org.testng.reporters.JUnitReportReporter -->
<testsuite skipped="0" hostname="Mustafas-MacBook-Air.local" name="com.neotech.lesson01.TestNGdemo" tests="3" failures="0" timestamp="2022-05-29T14:56:48 EDT" time="0.017" errors="0">
  <testcase name="testThree" time="0.004" classname="com.neotech.lesson01.TestNGdemo"/>
  <system-out/>
  <testcase name="testTwo" time="0.001" classname="com.neotech.lesson01.TestNGdemo"/>
  <system-out/>
  <testcase name="testOne" time="0.012" classname="com.neotech.lesson01.TestNGdemo"/>
  <system-out/>
</testsuite> <!-- com.neotech.lesson01.TestNGdemo -->
