<?xml version="1.0" encoding="UTF-8"?>
<!-- Generated by org.testng.reporters.JUnitReportReporter -->
<testsuite skipped="0" hostname="Mustafas-MacBook-Air.local" name="com.neotech.lesson03.GroupsDemo" tests="2" failures="0" timestamp="2022-05-31T20:34:32 EDT" time="0.014" errors="0">
  <testcase name="test3" time="0.003" classname="com.neotech.lesson03.GroupsDemo"/>
  <system-out/>
  <testcase name="test2" time="0.011" classname="com.neotech.lesson03.GroupsDemo"/>
  <system-out/>
</testsuite> <!-- com.neotech.lesson03.GroupsDemo -->
