<?xml version="1.0" encoding="UTF-8"?>
<!-- Generated by org.testng.reporters.JUnitReportReporter -->
<testsuite skipped="0" hostname="Mustafas-MacBook-Air.local" name="com.neotech.lesson01.MoreTestNGAnnotations" tests="1" failures="0" timestamp="2022-05-28T13:07:51 EDT" time="0.010" errors="0">
  <testcase name="test1" time="0.010" classname="com.neotech.lesson01.MoreTestNGAnnotations"/>
  <system-out/>
</testsuite> <!-- com.neotech.lesson01.MoreTestNGAnnotations -->
