<?xml version="1.0" encoding="UTF-8"?>
<!-- Generated by org.testng.reporters.JUnitReportReporter -->
<testsuite skipped="0" hostname="Mustafas-MacBook-Air.local" name="com.neotech.lesson02.Priority" tests="4" failures="0" timestamp="2022-05-29T12:24:29 EDT" time="0.021" errors="0">
  <testcase name="firstTest" time="0.012" classname="com.neotech.lesson02.Priority"/>
  <system-out/>
  <testcase name="secondTest" time="0.005" classname="com.neotech.lesson02.Priority"/>
  <system-out/>
  <testcase name="thirdTest" time="0.001" classname="com.neotech.lesson02.Priority"/>
  <system-out/>
  <testcase name="fourthTest" time="0.003" classname="com.neotech.lesson02.Priority"/>
  <system-out/>
</testsuite> <!-- com.neotech.lesson02.Priority -->
