<?xml version="1.0" encoding="UTF-8"?>
<!-- Generated by org.testng.reporters.JUnitReportReporter -->
<testsuite skipped="1" hostname="Mustafas-MacBook-Air.local" name="com.neotech.lesson02.TaskOne" tests="5" failures="0" timestamp="2022-05-30T22:59:21 EDT" time="0.024" errors="0">
  <testcase name="fourthMethod" time="0.013" classname="com.neotech.lesson02.TaskOne"/>
  <system-out/>
  <testcase name="thirdMethod" time="0.005" classname="com.neotech.lesson02.TaskOne"/>
  <system-out/>
  <testcase name="secondMethod" time="0.005" classname="com.neotech.lesson02.TaskOne"/>
  <system-out/>
  <testcase name="firstMethod" time="0.001" classname="com.neotech.lesson02.TaskOne"/>
  <system-out/>
  <testcase name="firstMethod1" classname="com.neotech.lesson02.TaskOne">
    <skipped/>
  </testcase> <!-- firstMethod1 -->
  <system-out/>
</testsuite> <!-- com.neotech.lesson02.TaskOne -->
