<?xml version="1.0" encoding="UTF-8"?>
<!-- Generated by org.testng.reporters.JUnitReportReporter -->
<testsuite skipped="0" hostname="Mustafas-MacBook-Air.local" name="com.neotech.lesson01.Task" tests="2" failures="0" timestamp="2022-05-29T14:56:48 EDT" time="0.004" errors="0">
  <testcase name="Test2" time="0.001" classname="com.neotech.lesson01.Task"/>
  <system-out/>
  <testcase name="Test1" time="0.003" classname="com.neotech.lesson01.Task"/>
  <system-out/>
</testsuite> <!-- com.neotech.lesson01.Task -->
